Tue Feb 16 14:29:58 2021   -   Prosess 2 er knyttet til port 80.
Tue Feb 16 14:30:21 2021   -   Prosess 3 koblet til klient, forelder er 2
Tue Feb 16 14:30:21 2021   -   Prosess 3 etterspurte gyldig filtype, forelder er 2
Tue Feb 16 14:31:07 2021   -   Prosess 4 koblet til klient, forelder er 2
Tue Feb 16 14:31:07 2021   -   Prosess 4 etterspurte gyldig filtype, forelder er 2
Tue Feb 16 14:31:07 2021   -   Prosess 4 kobler fra klient, forelder er 2
Tue Feb 16 14:35:07 2021   -   Prosess 2 er knyttet til port 80.
Tue Feb 16 14:35:26 2021   -   Prosess 3 koblet til klient, forelder er 2
Tue Feb 16 14:35:26 2021   -   Prosess 3 etterspurte gyldig filtype, forelder er 2
Tue Feb 16 14:35:26 2021   -   Prosess 3 kobler fra klient, forelder er 2
Tue Feb 16 14:35:26 2021   -   Prosess 4 koblet til klient, forelder er 2
Tue Feb 16 14:35:26 2021   -   Prosess 4 etterspurte gyldig filtype, forelder er 2
Tue Feb 16 14:35:26 2021   -   Prosess 4 kobler fra klient, forelder er 2
Tue Feb 16 14:35:26 2021   -   Prosess 5 koblet til klient, forelder er 2
Tue Feb 16 14:35:26 2021   -   Prosess 5 etterspurte gyldig filtype, forelder er 2
Tue Feb 16 14:35:26 2021   -   Prosess 5 etterspurte fil som ikke eksisterer, forelder er 2
Tue Feb 16 14:35:26 2021   -   Prosess 5 kobler fra klient, forelder er 2
Tue Feb 16 14:35:33 2021   -   Prosess 6 koblet til klient, forelder er 2
Tue Feb 16 14:35:33 2021   -   Prosess 6 kobler fra klient, forelder er 2
Tue Feb 16 14:35:46 2021   -   Prosess 7 koblet til klient, forelder er 2
Tue Feb 16 14:35:46 2021   -   Prosess 7 etterspurte ugyldig filtype., forelder er 2
Tue Feb 16 14:35:46 2021   -   Prosess 7 j%C3%B8rn, forelder er 2
Tue Feb 16 14:35:46 2021   -   Prosess 7 kobler fra klient, forelder er 2
Tue Feb 16 14:35:52 2021   -   Prosess 8 koblet til klient, forelder er 2
Tue Feb 16 14:35:52 2021   -   Prosess 8 etterspurte fil som ikke eksisterer, forelder er 2
Tue Feb 16 14:35:52 2021   -   Prosess 8 kobler fra klient, forelder er 2
Tue Feb 16 14:35:59 2021   -   Prosess 9 koblet til klient, forelder er 2
Tue Feb 16 14:35:59 2021   -   Prosess 9 etterspurte gyldig filtype, forelder er 2
Tue Feb 16 14:35:59 2021   -   Prosess 9 kobler fra klient, forelder er 2
Tue Feb 16 14:35:59 2021   -   Prosess 10 koblet til klient, forelder er 2
Tue Feb 16 14:35:59 2021   -   Prosess 10 etterspurte gyldig filtype, forelder er 2
Tue Feb 16 14:35:59 2021   -   Prosess 10 kobler fra klient, forelder er 2
Tue Feb 16 14:35:59 2021   -   Prosess 11 koblet til klient, forelder er 2
Tue Feb 16 14:35:59 2021   -   Prosess 11 etterspurte gyldig filtype, forelder er 2
Tue Feb 16 14:35:59 2021   -   Prosess 11 kobler fra klient, forelder er 2
Tue Feb 16 14:36:03 2021   -   Prosess 12 koblet til klient, forelder er 2
Tue Feb 16 14:36:03 2021   -   Prosess 12 etterspurte gyldig filtype, forelder er 2
Tue Feb 16 14:36:03 2021   -   Prosess 12 kobler fra klient, forelder er 2
Tue Feb 16 14:36:03 2021   -   Prosess 13 koblet til klient, forelder er 2
Tue Feb 16 14:36:03 2021   -   Prosess 13 etterspurte gyldig filtype, forelder er 2
Tue Feb 16 14:36:03 2021   -   Prosess 13 kobler fra klient, forelder er 2
Tue Feb 16 14:36:03 2021   -   Prosess 14 koblet til klient, forelder er 2
Tue Feb 16 14:36:03 2021   -   Prosess 14 etterspurte gyldig filtype, forelder er 2
Tue Feb 16 14:36:03 2021   -   Prosess 14 kobler fra klient, forelder er 2
Tue Feb 16 14:36:04 2021   -   Prosess 15 koblet til klient, forelder er 2
Tue Feb 16 14:36:04 2021   -   Prosess 15 etterspurte gyldig filtype, forelder er 2
Tue Feb 16 14:36:04 2021   -   Prosess 15 kobler fra klient, forelder er 2
Tue Feb 16 14:36:04 2021   -   Prosess 16 koblet til klient, forelder er 2
Tue Feb 16 14:36:04 2021   -   Prosess 16 etterspurte gyldig filtype, forelder er 2
Tue Feb 16 14:36:04 2021   -   Prosess 16 kobler fra klient, forelder er 2
Tue Feb 16 14:36:04 2021   -   Prosess 17 koblet til klient, forelder er 2
Tue Feb 16 14:36:04 2021   -   Prosess 17 etterspurte gyldig filtype, forelder er 2
Tue Feb 16 14:36:04 2021   -   Prosess 17 kobler fra klient, forelder er 2
PID:	2PPID:	1Tue Feb 16 14:42:44 2021   -   Prosess 2 er knyttet til port 80.
PID:	2PPID:	1Wed Feb 17 11:36:40 2021   -   Prosess 2 er knyttet til port 80.
Wed Feb 17 11:37:01 2021   -   Prosess 3 koblet til klient, forelder er 2
Wed Feb 17 11:37:01 2021   -   Prosess 3 etterspurte gyldig filtype, forelder er 2
Wed Feb 17 11:37:01 2021   -   Prosess 3 kobler fra klient, forelder er 2
Wed Feb 17 11:37:01 2021   -   Prosess 4 koblet til klient, forelder er 2
Wed Feb 17 11:37:01 2021   -   Prosess 4 etterspurte gyldig filtype, forelder er 2
Wed Feb 17 11:37:01 2021   -   Prosess 4 kobler fra klient, forelder er 2
Wed Feb 17 11:37:02 2021   -   Prosess 5 koblet til klient, forelder er 2
Wed Feb 17 11:37:02 2021   -   Prosess 5 etterspurte gyldig filtype, forelder er 2
Wed Feb 17 11:37:02 2021   -   Prosess 5 etterspurte fil som ikke eksisterer, forelder er 2
Wed Feb 17 11:37:02 2021   -   Prosess 5 kobler fra klient, forelder er 2
Wed Feb 17 11:37:05 2021   -   Prosess 6 koblet til klient, forelder er 2
Wed Feb 17 11:37:05 2021   -   Prosess 6 etterspurte gyldig filtype, forelder er 2
Wed Feb 17 11:37:05 2021   -   Prosess 6 kobler fra klient, forelder er 2
Wed Feb 17 11:37:05 2021   -   Prosess 7 koblet til klient, forelder er 2
Wed Feb 17 11:37:05 2021   -   Prosess 7 etterspurte gyldig filtype, forelder er 2
Wed Feb 17 11:37:05 2021   -   Prosess 7 kobler fra klient, forelder er 2
Wed Feb 17 11:37:10 2021   -   Prosess 8 koblet til klient, forelder er 2
Wed Feb 17 11:37:10 2021   -   Prosess 8 etterspurte gyldig filtype, forelder er 2
Wed Feb 17 11:37:10 2021   -   Prosess 8 kobler fra klient, forelder er 2
Wed Feb 17 11:37:10 2021   -   Prosess 9 koblet til klient, forelder er 2
Wed Feb 17 11:37:10 2021   -   Prosess 9 etterspurte gyldig filtype, forelder er 2
Wed Feb 17 11:37:10 2021   -   Prosess 9 kobler fra klient, forelder er 2
Wed Feb 17 11:37:10 2021   -   Prosess 10 koblet til klient, forelder er 2
Wed Feb 17 11:37:10 2021   -   Prosess 10 etterspurte gyldig filtype, forelder er 2
Wed Feb 17 11:37:10 2021   -   Prosess 10 kobler fra klient, forelder er 2
Wed Feb 17 11:37:57 2021   -   Prosess 11 koblet til klient, forelder er 2
Wed Feb 17 11:37:57 2021   -   Prosess 11 etterspurte ugyldig filtype., forelder er 2
Wed Feb 17 11:37:57 2021   -   Prosess 11 onion, forelder er 2
Wed Feb 17 11:37:57 2021   -   Prosess 11 kobler fra klient, forelder er 2
Wed Feb 17 11:38:09 2021   -   Prosess 12 koblet til klient, forelder er 2
Wed Feb 17 11:38:09 2021   -   Prosess 12 etterspurte gyldig filtype, forelder er 2
Wed Feb 17 11:38:09 2021   -   Prosess 12 etterspurte fil som ikke eksisterer, forelder er 2
Wed Feb 17 11:38:09 2021   -   Prosess 12 kobler fra klient, forelder er 2
PID:	2PPID:	1Wed Feb 17 11:39:26 2021   -   Prosess 2 er knyttet til port 80.
Wed Feb 17 11:39:37 2021   -   Prosess 3 koblet til klient, forelder er 2
Wed Feb 17 11:39:37 2021   -   Prosess 3 etterspurte gyldig filtype, forelder er 2
Wed Feb 17 11:39:37 2021   -   Prosess 3 kobler fra klient, forelder er 2
Wed Feb 17 11:39:37 2021   -   Prosess 4 koblet til klient, forelder er 2
Wed Feb 17 11:39:37 2021   -   Prosess 4 etterspurte gyldig filtype, forelder er 2
Wed Feb 17 11:39:37 2021   -   Prosess 4 kobler fra klient, forelder er 2
Wed Feb 17 11:39:59 2021   -   Prosess 5 koblet til klient, forelder er 2
Wed Feb 17 11:39:59 2021   -   Prosess 5 etterspurte gyldig filtype, forelder er 2
Wed Feb 17 11:39:59 2021   -   Prosess 5 kobler fra klient, forelder er 2
Wed Feb 17 11:39:59 2021   -   Prosess 6 koblet til klient, forelder er 2
Wed Feb 17 11:39:59 2021   -   Prosess 6 etterspurte gyldig filtype, forelder er 2
Wed Feb 17 11:39:59 2021   -   Prosess 6 kobler fra klient, forelder er 2
Wed Feb 17 11:39:59 2021   -   Prosess 7 koblet til klient, forelder er 2
Wed Feb 17 11:39:59 2021   -   Prosess 7 etterspurte gyldig filtype, forelder er 2
Wed Feb 17 11:39:59 2021   -   Prosess 7 kobler fra klient, forelder er 2
Wed Feb 17 11:40:03 2021   -   Prosess 8 koblet til klient, forelder er 2
Wed Feb 17 11:40:03 2021   -   Prosess 8 etterspurte gyldig filtype, forelder er 2
Wed Feb 17 11:40:03 2021   -   Prosess 8 kobler fra klient, forelder er 2
Wed Feb 17 11:40:03 2021   -   Prosess 9 koblet til klient, forelder er 2
Wed Feb 17 11:40:03 2021   -   Prosess 9 etterspurte gyldig filtype, forelder er 2
Wed Feb 17 11:40:03 2021   -   Prosess 9 kobler fra klient, forelder er 2
Wed Feb 17 11:40:03 2021   -   Prosess 10 koblet til klient, forelder er 2
Wed Feb 17 11:40:03 2021   -   Prosess 10 etterspurte gyldig filtype, forelder er 2
Wed Feb 17 11:40:03 2021   -   Prosess 10 kobler fra klient, forelder er 2
PID:	2PPID:	1Wed Feb 17 11:41:26 2021   -   Prosess 2 er knyttet til port 80.
Wed Feb 17 11:41:28 2021   -   Prosess 3 koblet til klient, forelder er 2
Wed Feb 17 11:41:28 2021   -   Prosess 3 etterspurte gyldig filtype, forelder er 2
Wed Feb 17 11:41:28 2021   -   Prosess 3 kobler fra klient, forelder er 2
Wed Feb 17 11:41:28 2021   -   Prosess 4 koblet til klient, forelder er 2
Wed Feb 17 11:41:28 2021   -   Prosess 4 etterspurte gyldig filtype, forelder er 2
Wed Feb 17 11:41:28 2021   -   Prosess 4 kobler fra klient, forelder er 2
Wed Feb 17 11:41:28 2021   -   Prosess 5 koblet til klient, forelder er 2
Wed Feb 17 11:41:28 2021   -   Prosess 5 etterspurte gyldig filtype, forelder er 2
Wed Feb 17 11:41:28 2021   -   Prosess 5 kobler fra klient, forelder er 2
Wed Feb 17 11:41:30 2021   -   Prosess 6 koblet til klient, forelder er 2
Wed Feb 17 11:41:30 2021   -   Prosess 6 etterspurte gyldig filtype, forelder er 2
Wed Feb 17 11:41:30 2021   -   Prosess 6 kobler fra klient, forelder er 2
Wed Feb 17 11:41:30 2021   -   Prosess 7 koblet til klient, forelder er 2
Wed Feb 17 11:41:30 2021   -   Prosess 7 etterspurte gyldig filtype, forelder er 2
Wed Feb 17 11:41:30 2021   -   Prosess 7 kobler fra klient, forelder er 2
Wed Feb 17 11:41:30 2021   -   Prosess 8 koblet til klient, forelder er 2
Wed Feb 17 11:41:30 2021   -   Prosess 8 etterspurte gyldig filtype, forelder er 2
Wed Feb 17 11:41:30 2021   -   Prosess 8 kobler fra klient, forelder er 2
Wed Feb 17 11:41:35 2021   -   Prosess 9 koblet til klient, forelder er 2
Wed Feb 17 11:41:35 2021   -   Prosess 9 etterspurte gyldig filtype, forelder er 2
Wed Feb 17 11:41:35 2021   -   Prosess 9 kobler fra klient, forelder er 2
Wed Feb 17 11:41:35 2021   -   Prosess 10 koblet til klient, forelder er 2
Wed Feb 17 11:41:35 2021   -   Prosess 10 etterspurte gyldig filtype, forelder er 2
Wed Feb 17 11:41:35 2021   -   Prosess 10 kobler fra klient, forelder er 2
PID:	2PPID:	1Wed Feb 17 12:04:35 2021   -   Prosess 2 er knyttet til port 80.
Wed Feb 17 12:04:49 2021   -   Prosess 3 koblet til klient, forelder er 2
Wed Feb 17 12:04:49 2021   -   Prosess 3 etterspurte gyldig filtype, forelder er 2
Wed Feb 17 12:04:49 2021   -   Prosess 3 kobler fra klient, forelder er 2
Wed Feb 17 12:04:49 2021   -   Prosess 4 koblet til klient, forelder er 2
Wed Feb 17 12:04:49 2021   -   Prosess 4 etterspurte gyldig filtype, forelder er 2
Wed Feb 17 12:04:49 2021   -   Prosess 4 kobler fra klient, forelder er 2
Wed Feb 17 12:04:52 2021   -   Prosess 5 koblet til klient, forelder er 2
Wed Feb 17 12:04:52 2021   -   Prosess 5 etterspurte gyldig filtype, forelder er 2
Wed Feb 17 12:04:52 2021   -   Prosess 5 kobler fra klient, forelder er 2
Wed Feb 17 12:04:52 2021   -   Prosess 6 koblet til klient, forelder er 2
Wed Feb 17 12:04:52 2021   -   Prosess 6 etterspurte gyldig filtype, forelder er 2
Wed Feb 17 12:04:52 2021   -   Prosess 6 kobler fra klient, forelder er 2
Wed Feb 17 12:04:52 2021   -   Prosess 7 koblet til klient, forelder er 2
Wed Feb 17 12:04:52 2021   -   Prosess 7 etterspurte gyldig filtype, forelder er 2
Wed Feb 17 12:04:53 2021   -   Prosess 7 kobler fra klient, forelder er 2
